==============================================================================
Suites                                                                        
==============================================================================
Suites.Post                                                                   
==============================================================================
GetLink                                                                   https://qr-test.v-dream.net/QR/id?q=648978:182
????? ????????
??? ?????
0
employee
1
public
2
Branch
3
poll
| PASS |
------------------------------------------------------------------------------
Suites.Post                                                           | PASS |
1 test, 1 passed, 0 failed
==============================================================================
Suites                                                                | PASS |
1 test, 1 passed, 0 failed
==============================================================================
Output:  C:\Users\Alaa Ahmed\PycharmProjects\test\pabot_results\1\output.xml
