1698830526148	geckodriver	INFO	Listening on 127.0.0.1:51354
1698830529211	mozrunner::runner	INFO	Running command: "C:\\Program Files\\Mozilla Firefox\\firefox.exe" "--marionette" "--remote-debugging-port" "51355" "--remote-allow-hosts" "localhost" "-no-remote" "-profile" "C:\\Users\\ALAAAH~1\\AppData\\Local\\Temp\\rust_mozprofile1KdaVb"
console.warn: services.settings: Ignoring preference override of remote settings server
console.warn: services.settings: Allow by setting MOZ_REMOTE_SETTINGS_DEVTOOLS=1 in the environment
1698830529835	Marionette	INFO	Marionette enabled
Dynamically enable window occlusion 0
1698830529982	Marionette	INFO	Listening on port 51362
WebDriver BiDi listening on ws://127.0.0.1:51355
Read port: 51362
1698830530478	RemoteAgent	WARN	TLS certificate errors will be ignored for this session
DevTools listening on ws://127.0.0.1:51355/devtools/browser/7d506d7e-3ce8-4faa-88c6-f3d1bed6bdf6
console.error: ({})
console.error: ({})
1698830561073	addons.xpi	ERROR	System addon update list error SyntaxError: XMLHttpRequest.open: 'http://%(server)s/dummy-system-addons.xml' is not a valid URL.
console.error: ({})
console.error: ({})
console.error: ({})
console.error: ({})
console.error: ({})
console.error: ({})
1698832027090	Marionette	INFO	Stopped listening on port 51362
Dynamically enable window occlusion 1
