1699436228447	geckodriver	INFO	Listening on 127.0.0.1:57864
1699436231541	mozrunner::runner	INFO	Running command: "C:\\Program Files\\Mozilla Firefox\\firefox.exe" "--marionette" "--remote-debugging-port" "57865" "--remote-allow-hosts" "localhost" "-no-remote" "-profile" "C:\\Users\\ALAAAH~1\\AppData\\Local\\Temp\\rust_mozprofileacAdQe"
console.warn: services.settings: Ignoring preference override of remote settings server
console.warn: services.settings: Allow by setting MOZ_REMOTE_SETTINGS_DEVTOOLS=1 in the environment
1699436232244	Marionette	INFO	Marionette enabled
Dynamically enable window occlusion 0
1699436232384	Marionette	INFO	Listening on port 57872
WebDriver BiDi listening on ws://127.0.0.1:57865
Read port: 57872
1699436232935	RemoteAgent	WARN	TLS certificate errors will be ignored for this session
DevTools listening on ws://127.0.0.1:57865/devtools/browser/655bb7e8-aaba-44be-b8bd-be70904505f7
console.error: ({})
console.error: ({})
console.warn: LoginRecipes: "Falling back to a synchronous message for: https://login.ratehex.com."
1699436262329	addons.xpi	ERROR	System addon update list error SyntaxError: XMLHttpRequest.open: 'http://%(server)s/dummy-system-addons.xml' is not a valid URL.
console.warn: LoginRecipes: "Falling back to a synchronous message for: https://login.ratehex.com."
1699436294554	Marionette	WARN	TimedPromise timed out after 500 ms: stacktrace:
TimedPromise/<@chrome://remote/content/marionette/sync.sys.mjs:219:24
TimedPromise@chrome://remote/content/marionette/sync.sys.mjs:203:10
interaction.flushEventLoop@chrome://remote/content/marionette/interaction.sys.mjs:429:10
webdriverClickElement@chrome://remote/content/marionette/interaction.sys.mjs:178:31
JavaScript warning: moz-extension://03122b72-970c-4727-a01f-f3b9d6ed3853/lib/shims.js, line 352: Script terminated by timeout at:
setActiveOnTab@moz-extension://03122b72-970c-4727-a01f-f3b9d6ed3853/lib/shims.js:352:17
unmarkShimsActive@moz-extension://03122b72-970c-4727-a01f-f3b9d6ed3853/lib/shims.js:602:16

1699436337097	Marionette	INFO	Stopped listening on port 57872
Dynamically enable window occlusion 1
JavaScript error: resource://gre/modules/AsyncShutdown.sys.mjs, line 573: TimeoutError: Message handler threw uncatchable exception
