1699220914876	geckodriver	INFO	Listening on 127.0.0.1:62082
1699220917906	mozrunner::runner	INFO	Running command: "C:\\Program Files\\Mozilla Firefox\\firefox.exe" "--marionette" "--remote-debugging-port" "62083" "--remote-allow-hosts" "localhost" "-no-remote" "-profile" "C:\\Users\\ALAAAH~1\\AppData\\Local\\Temp\\rust_mozprofilevVCiXO"
console.warn: services.settings: Ignoring preference override of remote settings server
console.warn: services.settings: Allow by setting MOZ_REMOTE_SETTINGS_DEVTOOLS=1 in the environment
1699220918683	Marionette	INFO	Marionette enabled
Dynamically enable window occlusion 0
1699220918835	Marionette	INFO	Listening on port 62091
WebDriver BiDi listening on ws://127.0.0.1:62083
Read port: 62091
1699220919537	RemoteAgent	WARN	TLS certificate errors will be ignored for this session
DevTools listening on ws://127.0.0.1:62083/devtools/browser/edecc3e0-f917-492a-a2b4-226a732ec799
console.error: ({})
console.error: ({})
console.warn: LoginRecipes: "Falling back to a synchronous message for: https://login.ratehex.com."
1699220950372	addons.xpi	ERROR	System addon update list error SyntaxError: XMLHttpRequest.open: 'http://%(server)s/dummy-system-addons.xml' is not a valid URL.
console.error: (new TypeError("parent is null", "resource://devtools/client/inspector/shared/style-change-tracker.js", 67))
TypeError: parent is null: canMutationImpactCurrentStyles@resource://devtools/client/inspector/shared/style-change-tracker.js:67:24
onMutations@resource://devtools/client/inspector/shared/style-change-tracker.js:84:41
_emit@resource://devtools/shared/event-emitter.js:242:32
emit@resource://devtools/shared/event-emitter.js:186:18
emit@resource://devtools/shared/event-emitter.js:330:18
getMutations@resource://devtools/client/fronts/walker.js:309:10

console.warn: LoginRecipes: "Falling back to a synchronous message for: https://login.ratehex.com."
JavaScript error: , line 0: NotFoundError: No such JSWindowActor 'DevToolsFrame'
1699221111548	Marionette	INFO	Stopped listening on port 62091
Dynamically enable window occlusion 1
!!! error running onStopped callback: TypeError: callback is not a function
