1698831295546	geckodriver	INFO	Listening on 127.0.0.1:51984
1698831298543	mozrunner::runner	INFO	Running command: "C:\\Program Files\\Mozilla Firefox\\firefox.exe" "--marionette" "--remote-debugging-port" "51985" "--remote-allow-hosts" "localhost" "-no-remote" "-profile" "C:\\Users\\ALAAAH~1\\AppData\\Local\\Temp\\rust_mozprofileYLRcFJ"
console.warn: services.settings: Ignoring preference override of remote settings server
console.warn: services.settings: Allow by setting MOZ_REMOTE_SETTINGS_DEVTOOLS=1 in the environment
1698831299595	Marionette	INFO	Marionette enabled
Dynamically enable window occlusion 0
1698831299804	Marionette	INFO	Listening on port 51996
WebDriver BiDi listening on ws://127.0.0.1:51985
Read port: 51996
1698831300349	RemoteAgent	WARN	TLS certificate errors will be ignored for this session
DevTools listening on ws://127.0.0.1:51985/devtools/browser/7b9c1c77-f690-47aa-84ca-2811b0ebf3b3
console.error: ({})
console.error: ({})
1698831330085	addons.xpi	ERROR	System addon update list error SyntaxError: XMLHttpRequest.open: 'http://%(server)s/dummy-system-addons.xml' is not a valid URL.
console.error: (new Error("Polling for changes failed: NetworkError: Network request failed.", "resource://services-settings/remote-settings.sys.mjs", 321))
console.error: ({})
console.error: ({})
console.error: ({})
console.error: ({})
1698832036438	Marionette	INFO	Stopped listening on port 51996
Dynamically enable window occlusion 1
!!! error running onStopped callback: TypeError: callback is not a function
console.error: (new Error("Data is not ready.", "resource://gre/modules/JSONFile.sys.mjs", 178))
