1699436543332	geckodriver	INFO	Listening on 127.0.0.1:57965
1699436546403	mozrunner::runner	INFO	Running command: "C:\\Program Files\\Mozilla Firefox\\firefox.exe" "--marionette" "--remote-debugging-port" "57966" "--remote-allow-hosts" "localhost" "-no-remote" "-profile" "C:\\Users\\ALAAAH~1\\AppData\\Local\\Temp\\rust_mozprofileDWi0LT"
console.warn: services.settings: Ignoring preference override of remote settings server
console.warn: services.settings: Allow by setting MOZ_REMOTE_SETTINGS_DEVTOOLS=1 in the environment
1699436547077	Marionette	INFO	Marionette enabled
Dynamically enable window occlusion 0
1699436547211	Marionette	INFO	Listening on port 57973
WebDriver BiDi listening on ws://127.0.0.1:57966
Read port: 57973
1699436547764	RemoteAgent	WARN	TLS certificate errors will be ignored for this session
DevTools listening on ws://127.0.0.1:57966/devtools/browser/8c2bcfeb-658f-47e0-9370-df3bf0776838
console.error: ({})
console.error: ({})
console.warn: LoginRecipes: "Falling back to a synchronous message for: https://login.ratehex.com."
1699436578523	addons.xpi	ERROR	System addon update list error SyntaxError: XMLHttpRequest.open: 'http://%(server)s/dummy-system-addons.xml' is not a valid URL.
console.warn: LoginRecipes: "Falling back to a synchronous message for: https://login.ratehex.com."
1699436608594	Marionette	WARN	TimedPromise timed out after 500 ms: stacktrace:
TimedPromise/<@chrome://remote/content/marionette/sync.sys.mjs:219:24
TimedPromise@chrome://remote/content/marionette/sync.sys.mjs:203:10
interaction.flushEventLoop@chrome://remote/content/marionette/interaction.sys.mjs:429:10
webdriverClickElement@chrome://remote/content/marionette/interaction.sys.mjs:178:31
1699436686977	Marionette	INFO	Stopped listening on port 57973
Dynamically enable window occlusion 1
!!! error running onStopped callback: TypeError: callback is not a function
console.error: (new Error("Data is not ready.", "resource://gre/modules/JSONFile.sys.mjs", 178))
