1699220746828	geckodriver	INFO	Listening on 127.0.0.1:61914
1699220749878	mozrunner::runner	INFO	Running command: "C:\\Program Files\\Mozilla Firefox\\firefox.exe" "--marionette" "--remote-debugging-port" "61915" "--remote-allow-hosts" "localhost" "-no-remote" "-profile" "C:\\Users\\ALAAAH~1\\AppData\\Local\\Temp\\rust_mozprofiledLu6WJ"
console.warn: services.settings: Ignoring preference override of remote settings server
console.warn: services.settings: Allow by setting MOZ_REMOTE_SETTINGS_DEVTOOLS=1 in the environment
1699220750737	Marionette	INFO	Marionette enabled
Dynamically enable window occlusion 0
1699220750945	Marionette	INFO	Listening on port 61924
WebDriver BiDi listening on ws://127.0.0.1:61915
Read port: 61924
1699220751551	RemoteAgent	WARN	TLS certificate errors will be ignored for this session
DevTools listening on ws://127.0.0.1:61915/devtools/browser/398a2f9f-21e2-4834-bbd2-8e9b726aaece
console.error: ({})
console.error: ({})
console.warn: LoginRecipes: "Falling back to a synchronous message for: https://login.ratehex.com."
1699220780845	addons.xpi	ERROR	System addon update list error SyntaxError: XMLHttpRequest.open: 'http://%(server)s/dummy-system-addons.xml' is not a valid URL.
1699220782967	Marionette	INFO	Stopped listening on port 61924
Dynamically enable window occlusion 1
console.warn: services.settings: main/password-recipes sync interrupted by shutdown
console.warn: services.settings: main/password-rules sync interrupted by shutdown
console.warn: services.settings: main/translations-identification-models sync interrupted by shutdown
console.warn: services.settings: main/translations-wasm sync interrupted by shutdown
console.warn: services.settings: main/search-config sync interrupted by shutdown
console.error: (new AbortError("IndexedDB: main/cookie-banner-rules-list getLastModified() IndexedDB:  execute() A request was aborted, for example through a call to IDBTransaction.abort.", "resource://services-settings/IDBHelpers.sys.mjs", 16))
