1699439900013	geckodriver	INFO	Listening on 127.0.0.1:60073
1699439904347	mozrunner::runner	INFO	Running command: "C:\\Program Files\\Mozilla Firefox\\firefox.exe" "--marionette" "--remote-debugging-port" "60074" "--remote-allow-hosts" "localhost" "-no-remote" "-profile" "C:\\Users\\ALAAAH~1\\AppData\\Local\\Temp\\rust_mozprofileFURmoZ"
console.warn: services.settings: Ignoring preference override of remote settings server
console.warn: services.settings: Allow by setting MOZ_REMOTE_SETTINGS_DEVTOOLS=1 in the environment
1699439905542	Marionette	INFO	Marionette enabled
Dynamically enable window occlusion 0
1699439905685	Marionette	INFO	Listening on port 60085
WebDriver BiDi listening on ws://127.0.0.1:60074
Read port: 60085
1699439906174	RemoteAgent	WARN	TLS certificate errors will be ignored for this session
DevTools listening on ws://127.0.0.1:60074/devtools/browser/67abd8b7-fc9b-4bbf-94ef-8f0f059dc045
console.error: ({})
console.error: ({})
console.warn: LoginRecipes: "Falling back to a synchronous message for: https://login.ratehex.com."
1699439936623	addons.xpi	ERROR	System addon update list error SyntaxError: XMLHttpRequest.open: 'http://%(server)s/dummy-system-addons.xml' is not a valid URL.
console.warn: LoginRecipes: "Falling back to a synchronous message for: https://login.ratehex.com."
1699439976514	Marionette	WARN	TimedPromise timed out after 500 ms: stacktrace:
TimedPromise/<@chrome://remote/content/marionette/sync.sys.mjs:219:24
TimedPromise@chrome://remote/content/marionette/sync.sys.mjs:203:10
interaction.flushEventLoop@chrome://remote/content/marionette/interaction.sys.mjs:429:10
webdriverClickElement@chrome://remote/content/marionette/interaction.sys.mjs:178:31
1699440845406	Marionette	INFO	Stopped listening on port 60085
Dynamically enable window occlusion 1
!!! error running onStopped callback: TypeError: callback is not a function
