1699440836936	geckodriver	INFO	Listening on 127.0.0.1:60565
1699440840003	mozrunner::runner	INFO	Running command: "C:\\Program Files\\Mozilla Firefox\\firefox.exe" "--marionette" "--remote-debugging-port" "60566" "--remote-allow-hosts" "localhost" "-no-remote" "-profile" "C:\\Users\\ALAAAH~1\\AppData\\Local\\Temp\\rust_mozprofile2r8Xfm"
console.warn: services.settings: Ignoring preference override of remote settings server
console.warn: services.settings: Allow by setting MOZ_REMOTE_SETTINGS_DEVTOOLS=1 in the environment
1699440841328	Marionette	INFO	Marionette enabled
Dynamically enable window occlusion 0
1699440841485	Marionette	INFO	Listening on port 60573
WebDriver BiDi listening on ws://127.0.0.1:60566
Read port: 60573
1699440842001	RemoteAgent	WARN	TLS certificate errors will be ignored for this session
DevTools listening on ws://127.0.0.1:60566/devtools/browser/16e08e92-585c-4f83-8aab-a9327e3e0bb1
console.error: ({})
console.error: ({})
console.warn: LoginRecipes: "Falling back to a synchronous message for: https://login.ratehex.com."
1699440873882	addons.xpi	ERROR	System addon update list error SyntaxError: XMLHttpRequest.open: 'http://%(server)s/dummy-system-addons.xml' is not a valid URL.
console.warn: LoginRecipes: "Falling back to a synchronous message for: https://login.ratehex.com."
JavaScript error: https://login.ratehex.com/static/js/main.10cd2252.js, line 2: TypeError: c[b.length] is undefined
1699440999596	Marionette	INFO	Stopped listening on port 60573
Dynamically enable window occlusion 1
!!! error running onStopped callback: TypeError: callback is not a function
