1699440684926	geckodriver	INFO	Listening on 127.0.0.1:60502
1699440687960	mozrunner::runner	INFO	Running command: "C:\\Program Files\\Mozilla Firefox\\firefox.exe" "--marionette" "--remote-debugging-port" "60503" "--remote-allow-hosts" "localhost" "-no-remote" "-profile" "C:\\Users\\ALAAAH~1\\AppData\\Local\\Temp\\rust_mozprofileAqr9Y5"
console.warn: services.settings: Ignoring preference override of remote settings server
console.warn: services.settings: Allow by setting MOZ_REMOTE_SETTINGS_DEVTOOLS=1 in the environment
1699440688749	Marionette	INFO	Marionette enabled
Dynamically enable window occlusion 0
1699440688891	Marionette	INFO	Listening on port 60510
WebDriver BiDi listening on ws://127.0.0.1:60503
Read port: 60510
1699440689396	RemoteAgent	WARN	TLS certificate errors will be ignored for this session
DevTools listening on ws://127.0.0.1:60503/devtools/browser/db6e7792-dfb8-40fb-85d2-d5b18419ed6e
console.error: ({})
console.error: ({})
console.warn: LoginRecipes: "Falling back to a synchronous message for: https://login.ratehex.com."
1699440719596	addons.xpi	ERROR	System addon update list error SyntaxError: XMLHttpRequest.open: 'http://%(server)s/dummy-system-addons.xml' is not a valid URL.
console.warn: LoginRecipes: "Falling back to a synchronous message for: https://login.ratehex.com."
JavaScript error: https://login.ratehex.com/static/js/main.10cd2252.js, line 2: TypeError: c[b.length] is undefined
console.error: ({})
console.error: ({})
1699440849039	Marionette	INFO	Stopped listening on port 60510
Dynamically enable window occlusion 1
!!! error running onStopped callback: TypeError: callback is not a function
console.error: (new Error("Data is not ready.", "resource://gre/modules/JSONFile.sys.mjs", 178))
